2025-07-14 11:23:31,664 - INFO - package: mysql.connector.plugins
2025-07-14 11:23:31,665 - INFO - plugin_name: mysql_native_password
2025-07-14 11:23:31,668 - INFO - AUTHENTICATION_PLUGIN_CLASS: MySQLNativePasswordAuthPlugin
2025-07-14 11:23:31,956 - INFO - 20240101 ~ 20240131 기간에 해당하는 급등주 정보가 없습니다.
2025-07-14 13:16:12,096 - INFO - package: mysql.connector.plugins
2025-07-14 13:16:12,098 - INFO - plugin_name: mysql_native_password
2025-07-14 13:16:12,103 - INFO - AUTHENTICATION_PLUGIN_CLASS: MySQLNativePasswordAuthPlugin
2025-07-14 13:16:12,454 - INFO - 총 30개의 급등주에 대한 분봉 데이터 수집을 시작합니다.
2025-07-14 13:16:12,455 - INFO - 종목: 일동홀딩스(000230), 급등일: 2025-07-07
2025-07-14 13:16:12,455 - ERROR - 일동홀딩스(000230)의 거래일 계산 중 오류: 'KISApi' object has no attribute 'get_daily_price'
2025-07-14 13:16:12,456 - INFO - 종목: 현대바이오(048410), 급등일: 2025-07-07
2025-07-14 13:16:12,456 - ERROR - 현대바이오(048410)의 거래일 계산 중 오류: 'KISApi' object has no attribute 'get_daily_price'
2025-07-14 13:16:12,456 - INFO - 종목: 한컴위드(054920), 급등일: 2025-07-07
2025-07-14 13:16:12,457 - ERROR - 한컴위드(054920)의 거래일 계산 중 오류: 'KISApi' object has no attribute 'get_daily_price'
2025-07-14 13:16:12,461 - INFO - 종목: 엑시온그룹(069920), 급등일: 2025-07-07
2025-07-14 13:16:12,465 - ERROR - 엑시온그룹(069920)의 거래일 계산 중 오류: 'KISApi' object has no attribute 'get_daily_price'
2025-07-14 13:16:12,467 - INFO - 종목: 동양생명(082640), 급등일: 2025-07-07
2025-07-14 13:16:12,469 - ERROR - 동양생명(082640)의 거래일 계산 중 오류: 'KISApi' object has no attribute 'get_daily_price'
2025-07-14 13:16:12,471 - INFO - 종목: 현대ADM(187660), 급등일: 2025-07-07
2025-07-14 13:16:12,473 - ERROR - 현대ADM(187660)의 거래일 계산 중 오류: 'KISApi' object has no attribute 'get_daily_price'
2025-07-14 13:16:12,473 - INFO - 종목: 솔디펜스(215090), 급등일: 2025-07-07
2025-07-14 13:16:12,474 - ERROR - 솔디펜스(215090)의 거래일 계산 중 오류: 'KISApi' object has no attribute 'get_daily_price'
2025-07-14 13:16:12,474 - INFO - 종목: 일동제약(249420), 급등일: 2025-07-07
2025-07-14 13:16:12,474 - ERROR - 일동제약(249420)의 거래일 계산 중 오류: 'KISApi' object has no attribute 'get_daily_price'
2025-07-14 13:16:12,474 - INFO - 종목: 쿠콘(294570), 급등일: 2025-07-07
2025-07-14 13:16:12,475 - ERROR - 쿠콘(294570)의 거래일 계산 중 오류: 'KISApi' object has no attribute 'get_daily_price'
2025-07-14 13:16:12,481 - INFO - 종목: 신영증권(001720), 급등일: 2025-07-08
2025-07-14 13:16:12,485 - ERROR - 신영증권(001720)의 거래일 계산 중 오류: 'KISApi' object has no attribute 'get_daily_price'
2025-07-14 13:16:12,488 - INFO - 종목: 동양철관(008970), 급등일: 2025-07-08
2025-07-14 13:16:12,488 - ERROR - 동양철관(008970)의 거래일 계산 중 오류: 'KISApi' object has no attribute 'get_daily_price'
2025-07-14 13:16:12,488 - INFO - 종목: 안트로젠(065660), 급등일: 2025-07-08
2025-07-14 13:16:12,489 - ERROR - 안트로젠(065660)의 거래일 계산 중 오류: 'KISApi' object has no attribute 'get_daily_price'
2025-07-14 13:16:12,489 - INFO - 종목: 한세엠케이(069640), 급등일: 2025-07-08
2025-07-14 13:16:12,489 - ERROR - 한세엠케이(069640)의 거래일 계산 중 오류: 'KISApi' object has no attribute 'get_daily_price'
2025-07-14 13:16:12,491 - INFO - 종목: 현대ADM(187660), 급등일: 2025-07-08
2025-07-14 13:16:12,491 - ERROR - 현대ADM(187660)의 거래일 계산 중 오류: 'KISApi' object has no attribute 'get_daily_price'
2025-07-14 13:16:12,491 - INFO - 종목: 싸이닉솔루션(234030), 급등일: 2025-07-08
2025-07-14 13:16:12,491 - ERROR - 싸이닉솔루션(234030)의 거래일 계산 중 오류: 'KISApi' object has no attribute 'get_daily_price'
2025-07-14 13:16:12,492 - INFO - 종목: 미트박스(475460), 급등일: 2025-07-08
2025-07-14 13:16:12,492 - ERROR - 미트박스(475460)의 거래일 계산 중 오류: 'KISApi' object has no attribute 'get_daily_price'
2025-07-14 13:16:12,493 - INFO - 종목: 부국증권(001270), 급등일: 2025-07-09
2025-07-14 13:16:12,494 - ERROR - 부국증권(001270)의 거래일 계산 중 오류: 'KISApi' object has no attribute 'get_daily_price'
2025-07-14 13:16:12,496 - INFO - 종목: 신영증권(001720), 급등일: 2025-07-09
2025-07-14 13:16:12,497 - ERROR - 신영증권(001720)의 거래일 계산 중 오류: 'KISApi' object has no attribute 'get_daily_price'
2025-07-14 13:16:12,497 - INFO - 종목: 조광피혁(004700), 급등일: 2025-07-09
2025-07-14 13:16:12,497 - ERROR - 조광피혁(004700)의 거래일 계산 중 오류: 'KISApi' object has no attribute 'get_daily_price'
2025-07-14 13:16:12,498 - INFO - 종목: 롯데지주(004990), 급등일: 2025-07-09
2025-07-14 13:16:12,498 - ERROR - 롯데지주(004990)의 거래일 계산 중 오류: 'KISApi' object has no attribute 'get_daily_price'
2025-07-14 13:16:12,498 - INFO - 종목: SGA(049470), 급등일: 2025-07-09
2025-07-14 13:16:12,498 - ERROR - SGA(049470)의 거래일 계산 중 오류: 'KISApi' object has no attribute 'get_daily_price'
2025-07-14 13:16:12,499 - INFO - 종목: 비케이홀딩스(050090), 급등일: 2025-07-09
2025-07-14 13:16:12,499 - ERROR - 비케이홀딩스(050090)의 거래일 계산 중 오류: 'KISApi' object has no attribute 'get_daily_price'
2025-07-14 13:16:12,500 - INFO - 종목: NHN KCP(060250), 급등일: 2025-07-09
2025-07-14 13:16:12,500 - ERROR - NHN KCP(060250)의 거래일 계산 중 오류: 'KISApi' object has no attribute 'get_daily_price'
2025-07-14 13:16:12,500 - INFO - 종목: 신성델타테크(065350), 급등일: 2025-07-09
2025-07-14 13:16:12,501 - ERROR - 신성델타테크(065350)의 거래일 계산 중 오류: 'KISApi' object has no attribute 'get_daily_price'
2025-07-14 13:16:12,501 - INFO - 종목: 한세엠케이(069640), 급등일: 2025-07-09
2025-07-14 13:16:12,503 - ERROR - 한세엠케이(069640)의 거래일 계산 중 오류: 'KISApi' object has no attribute 'get_daily_price'
2025-07-14 13:16:12,505 - INFO - 종목: 매커스(093520), 급등일: 2025-07-09
2025-07-14 13:16:12,505 - ERROR - 매커스(093520)의 거래일 계산 중 오류: 'KISApi' object has no attribute 'get_daily_price'
2025-07-14 13:16:12,506 - INFO - 종목: 인포바인(115310), 급등일: 2025-07-09
2025-07-14 13:16:12,506 - ERROR - 인포바인(115310)의 거래일 계산 중 오류: 'KISApi' object has no attribute 'get_daily_price'
2025-07-14 13:16:12,507 - INFO - 종목: 알파칩스(117670), 급등일: 2025-07-09
2025-07-14 13:16:12,507 - ERROR - 알파칩스(117670)의 거래일 계산 중 오류: 'KISApi' object has no attribute 'get_daily_price'
2025-07-14 13:16:12,507 - INFO - 종목: 제이에스링크(127120), 급등일: 2025-07-09
2025-07-14 13:16:12,507 - ERROR - 제이에스링크(127120)의 거래일 계산 중 오류: 'KISApi' object has no attribute 'get_daily_price'
2025-07-14 13:16:12,507 - INFO - 종목: 브릿지바이오테라퓨틱스(288330), 급등일: 2025-07-09
2025-07-14 13:16:12,508 - ERROR - 브릿지바이오테라퓨틱스(288330)의 거래일 계산 중 오류: 'KISApi' object has no attribute 'get_daily_price'
